[2024-05-22 23:31:32] [ INFO ] [PacienteDAOH2:117] iniciando las operaciones de busqueda: claudia@claudia.com
[2024-05-22 23:31:33] [ ERROR] [PacienteDAOH2:134] Versión del archivo de base de datos no soportada ó encabezado de archivo invalido en archivo "C:/Users/emato/C2ClinicaOdontologica.mv.db"
Unsupported database file version or invalid file header in file "C:/Users/emato/C2ClinicaOdontologica.mv.db" [90048-214]
[2024-05-22 23:33:27] [ WARN ] [BD:33] Versión del archivo de base de datos no soportada ó encabezado de archivo invalido en archivo "C:/Users/emato/C2ClinicaOdontologica.mv.db"
Unsupported database file version or invalid file header in file "C:/Users/emato/C2ClinicaOdontologica.mv.db" [90048-214]
[2024-05-22 23:33:43] [ INFO ] [PacienteDAOH2:117] iniciando las operaciones de busqueda: claudia@claudia.com
[2024-05-22 23:33:43] [ ERROR] [PacienteDAOH2:134] Versión del archivo de base de datos no soportada ó encabezado de archivo invalido en archivo "C:/Users/emato/C2ClinicaOdontologica.mv.db"
Unsupported database file version or invalid file header in file "C:/Users/emato/C2ClinicaOdontologica.mv.db" [90048-214]
[2024-05-22 23:33:46] [ INFO ] [PacienteDAOH2:117] iniciando las operaciones de busqueda: claudia@claudia.com
[2024-05-22 23:33:46] [ ERROR] [PacienteDAOH2:134] Versión del archivo de base de datos no soportada ó encabezado de archivo invalido en archivo "C:/Users/emato/C2ClinicaOdontologica.mv.db"
Unsupported database file version or invalid file header in file "C:/Users/emato/C2ClinicaOdontologica.mv.db" [90048-214]
[2024-05-22 23:33:51] [ INFO ] [PacienteDAOH2:117] iniciando las operaciones de busqueda: claudia@claudia.com
[2024-05-22 23:33:51] [ ERROR] [PacienteDAOH2:134] Versión del archivo de base de datos no soportada ó encabezado de archivo invalido en archivo "C:/Users/emato/C2ClinicaOdontologica.mv.db"
Unsupported database file version or invalid file header in file "C:/Users/emato/C2ClinicaOdontologica.mv.db" [90048-214]
[2024-05-22 23:35:06] [ WARN ] [BD:33] Versión del archivo de base de datos no soportada ó encabezado de archivo invalido en archivo "C:/Users/emato/C2ClinicaOdontologica.mv.db"
Unsupported database file version or invalid file header in file "C:/Users/emato/C2ClinicaOdontologica.mv.db" [90048-214]
[2024-05-22 23:35:52] [ WARN ] [BD:33] Versión del archivo de base de datos no soportada ó encabezado de archivo invalido en archivo "C:/Users/emato/C2ClinicaOdontologica.mv.db"
Unsupported database file version or invalid file header in file "C:/Users/emato/C2ClinicaOdontologica.mv.db" [90048-214]
[2024-05-22 23:36:54] [ WARN ] [BD:33] La cantidad de columnas no coincide
Column count does not match; SQL statement:
INSERT INTO PACIENTES (NOMBRE, APELLIDO, CEDULA, FECHA_INGRESO, DOMICILIO_ID) VALUES('Jorgito','Pereyra','123456','2024-05-15',1,'jorge.pereyra@digitalhouse.com'),('Claudia','Heredia','11111111','2024-05-10',2,'claudia@claudia.com'); INSERT INTO DOMICILIOS (CALLE, NUMERO, LOCALIDAD, PROVINCIA) VALUES ('Siempre viva',742,'Springfield','USA'), ('Siempre viva',742,'Springfield','USA') [21002-214]
[2024-05-27 21:39:28] [ INFO ] [BD:30] tabla creada con exito
[2024-05-27 21:48:11] [ INFO ] [BD:30] tabla creada con exito
[2024-05-27 21:49:13] [ INFO ] [BD:30] tabla creada con exito
[2024-05-27 21:49:25] [ INFO ] [PacienteDAOH2:28] inicando la operacion de guardado
[2024-05-27 21:49:25] [ INFO ] [PacienteDAOH2:46] paciente guardado con exito
[2024-05-27 21:50:55] [ INFO ] [PacienteDAOH2:28] inicando la operacion de guardado
[2024-05-27 21:50:55] [ INFO ] [PacienteDAOH2:46] paciente guardado con exito
[2024-05-27 21:50:58] [ INFO ] [PacienteDAOH2:28] inicando la operacion de guardado
[2024-05-27 21:50:58] [ INFO ] [PacienteDAOH2:46] paciente guardado con exito
[2024-05-27 22:10:46] [ INFO ] [BD:30] tabla creada con exito
[2024-05-27 22:10:59] [ INFO ] [PacienteDAOH2:29] inicando la operacion de guardado
[2024-05-27 22:10:59] [ INFO ] [DomicilioDaoH2:24] iniciando la operacion de : Guardado de un domicilio
[2024-05-27 22:10:59] [ INFO ] [PacienteDAOH2:47] paciente guardado con exito
[2024-05-27 22:12:17] [ INFO ] [PacienteDAOH2:58] iniciando la busqueda de un paciente por id: null
[2024-05-27 22:12:17] [ WARN ] [PacienteDAOH2:77] Cannot invoke "java.lang.Integer.intValue()" because "id" is null
[2024-05-27 22:14:41] [ INFO ] [BD:30] tabla creada con exito
[2024-05-27 22:14:58] [ INFO ] [PacienteDAOH2:29] inicando la operacion de guardado
[2024-05-27 22:14:58] [ INFO ] [DomicilioDaoH2:24] iniciando la operacion de : Guardado de un domicilio
[2024-05-27 22:14:58] [ INFO ] [PacienteDAOH2:47] paciente guardado con exito
[2024-05-27 22:15:12] [ INFO ] [PacienteDAOH2:58] iniciando la busqueda de un paciente por id: 3
[2024-05-27 22:15:12] [ INFO ] [DomicilioDaoH2:49] iniciando la operacion de : Buscado de un domicilio
[2024-05-27 22:15:12] [ INFO ] [PacienteDAOH2:84] iniciando la actualizacion de :  Avrilcon id : 3
[2024-05-27 22:15:12] [ INFO ] [DomicilioDaoH2:70] iniciando la operacion de : actualizar un domicilio
[2024-05-27 22:18:02] [ WARN ] [BD:33] Versión del archivo de base de datos no soportada ó encabezado de archivo invalido en archivo "C:/Users/jorge.pereyra/C2ClinicaOdontologica.mv.db"
Unsupported database file version or invalid file header in file "C:/Users/jorge.pereyra/C2ClinicaOdontologica.mv.db" [90048-214]
[2024-05-27 22:18:12] [ WARN ] [BD:33] Versión del archivo de base de datos no soportada ó encabezado de archivo invalido en archivo "C:/Users/jorge.pereyra/C2ClinicaOdontologica.mv.db"
Unsupported database file version or invalid file header in file "C:/Users/jorge.pereyra/C2ClinicaOdontologica.mv.db" [90048-214]
[2024-05-27 22:18:33] [ INFO ] [PacienteDAOH2:29] inicando la operacion de guardado
[2024-05-27 22:18:33] [ INFO ] [DomicilioDaoH2:24] iniciando la operacion de : Guardado de un domicilio
[2024-05-27 22:18:33] [ WARN ] [PacienteDAOH2:51] Versión del archivo de base de datos no soportada ó encabezado de archivo invalido en archivo "C:/Users/jorge.pereyra/C2ClinicaOdontologica.mv.db"
Unsupported database file version or invalid file header in file "C:/Users/jorge.pereyra/C2ClinicaOdontologica.mv.db" [90048-214]
[2024-05-27 22:19:58] [ INFO ] [BD:30] tabla creada con exito
[2024-05-27 22:24:29] [ INFO ] [BD:30] tabla creada con exito
[2024-05-27 22:24:41] [ INFO ] [PacienteDAOH2:29] inicando la operacion de guardado
[2024-05-27 22:24:41] [ INFO ] [DomicilioDaoH2:24] iniciando la operacion de : Guardado de un domicilio
[2024-05-27 22:24:41] [ INFO ] [PacienteDAOH2:47] paciente guardado con exito
[2024-05-27 22:24:48] [ INFO ] [PacienteDAOH2:58] iniciando la busqueda de un paciente por id: 3
[2024-05-27 22:24:48] [ INFO ] [DomicilioDaoH2:49] iniciando la operacion de : Buscado de un domicilio
[2024-05-27 22:24:48] [ INFO ] [PacienteDAOH2:84] iniciando la actualizacion de :  Avril con id : 3
[2024-05-27 22:24:48] [ INFO ] [DomicilioDaoH2:70] iniciando la operacion de : actualizar un domicilio
[2024-05-27 22:26:44] [ WARN ] [BD:33] Versión del archivo de base de datos no soportada ó encabezado de archivo invalido en archivo "C:/Users/jorge.pereyra/C2ClinicaOdontologica.mv.db"
Unsupported database file version or invalid file header in file "C:/Users/jorge.pereyra/C2ClinicaOdontologica.mv.db" [90048-214]
[2024-05-27 22:27:43] [ INFO ] [BD:30] tabla creada con exito
[2024-05-27 22:27:54] [ INFO ] [PacienteDAOH2:29] inicando la operacion de guardado
[2024-05-27 22:27:54] [ INFO ] [DomicilioDaoH2:24] iniciando la operacion de : Guardado de un domicilio
[2024-05-27 22:27:54] [ INFO ] [PacienteDAOH2:47] paciente guardado con exito
[2024-05-27 22:28:00] [ INFO ] [PacienteDAOH2:58] iniciando la busqueda de un paciente por id: 3
[2024-05-27 22:28:00] [ INFO ] [DomicilioDaoH2:49] iniciando la operacion de : Buscado de un domicilio
[2024-05-27 22:28:00] [ INFO ] [PacienteDAOH2:84] iniciando la actualizacion de :  Avril con id : 3
[2024-05-27 22:28:00] [ INFO ] [DomicilioDaoH2:70] iniciando la operacion de : actualizar un domicilio
[2024-05-27 22:34:33] [ INFO ] [BD:30] tabla creada con exito
[2024-05-27 22:35:04] [ INFO ] [PacienteDAOH2:29] inicando la operacion de guardado
[2024-05-27 22:35:04] [ INFO ] [DomicilioDaoH2:24] iniciando la operacion de : Guardado de un domicilio
[2024-05-27 22:35:04] [ INFO ] [PacienteDAOH2:47] paciente guardado con exito
[2024-05-27 22:41:01] [ INFO ] [BD:30] tabla creada con exito
[2024-05-27 22:42:40] [ INFO ] [BD:30] tabla creada con exito
[2024-05-27 22:43:15] [ INFO ] [PacienteDAOH2:29] inicando la operacion de guardado
[2024-05-27 22:43:15] [ INFO ] [DomicilioDaoH2:24] iniciando la operacion de : Guardado de un domicilio
[2024-05-27 22:43:15] [ INFO ] [PacienteDAOH2:47] paciente guardado con exito
[2024-05-27 22:44:44] [ INFO ] [BD:30] tabla creada con exito
[2024-05-27 22:44:53] [ INFO ] [PacienteDAOH2:29] inicando la operacion de guardado
[2024-05-27 22:44:53] [ INFO ] [DomicilioDaoH2:24] iniciando la operacion de : Guardado de un domicilio
[2024-05-27 22:44:53] [ INFO ] [PacienteDAOH2:47] paciente guardado con exito
[2024-05-27 22:46:11] [ INFO ] [BD:31] tabla creada con exito
[2024-05-27 22:46:23] [ INFO ] [PacienteDAOH2:29] inicando la operacion de guardado
[2024-05-27 22:46:23] [ INFO ] [DomicilioDaoH2:25] iniciando la operacion de : Guardado de un domicilio
[2024-05-27 22:46:23] [ INFO ] [PacienteDAOH2:47] paciente guardado con exito
[2024-05-27 23:09:21] [ INFO ] [BD:31] tabla creada con exito
[2024-05-27 23:09:41] [ INFO ] [PacienteDAOH2:29] inicando la operacion de guardado
[2024-05-27 23:09:41] [ INFO ] [DomicilioDaoH2:25] iniciando la operacion de : Guardado de un domicilio
[2024-05-27 23:09:41] [ WARN ] [PacienteDAOH2:51] Cannot invoke "java.time.LocalDate.getYear()" because "date" is null
[2024-05-27 23:09:47] [ INFO ] [PacienteDAOH2:29] inicando la operacion de guardado
[2024-05-27 23:09:47] [ INFO ] [DomicilioDaoH2:25] iniciando la operacion de : Guardado de un domicilio
[2024-05-27 23:09:47] [ INFO ] [PacienteDAOH2:47] paciente guardado con exito
[2024-05-27 23:09:50] [ INFO ] [PacienteDAOH2:29] inicando la operacion de guardado
[2024-05-27 23:09:50] [ INFO ] [DomicilioDaoH2:25] iniciando la operacion de : Guardado de un domicilio
[2024-05-27 23:09:50] [ INFO ] [PacienteDAOH2:47] paciente guardado con exito
[2024-05-27 23:09:57] [ INFO ] [PacienteDAOH2:29] inicando la operacion de guardado
[2024-05-27 23:09:57] [ INFO ] [DomicilioDaoH2:25] iniciando la operacion de : Guardado de un domicilio
[2024-05-27 23:09:57] [ INFO ] [PacienteDAOH2:47] paciente guardado con exito
[2024-05-27 23:12:20] [ INFO ] [BD:31] tabla creada con exito
[2024-05-27 23:12:31] [ INFO ] [PacienteDAOH2:29] inicando la operacion de guardado
[2024-05-27 23:12:31] [ INFO ] [DomicilioDaoH2:25] iniciando la operacion de : Guardado de un domicilio
[2024-05-27 23:12:31] [ INFO ] [PacienteDAOH2:47] paciente guardado con exito
[2024-05-27 23:13:54] [ INFO ] [BD:31] tabla creada con exito
[2024-05-27 23:14:36] [ INFO ] [BD:31] tabla creada con exito
[2024-05-27 23:15:29] [ INFO ] [BD:31] tabla creada con exito
[2024-05-27 23:25:54] [ INFO ] [BD:31] tabla creada con exito
[2024-05-27 23:26:15] [ INFO ] [PacienteDAOH2:24] inicando la operacion de guardado
[2024-05-27 23:26:15] [ INFO ] [DomicilioDaoH2:25] iniciando la operacion de : Guardado de un domicilio
[2024-05-27 23:26:15] [ INFO ] [PacienteDAOH2:42] paciente guardado con exito
[2024-05-27 23:31:30] [ INFO ] [PacienteDAOH2:24] inicando la operacion de guardado
[2024-05-27 23:31:30] [ INFO ] [DomicilioDaoH2:25] iniciando la operacion de : Guardado de un domicilio
[2024-05-27 23:31:30] [ INFO ] [PacienteDAOH2:42] paciente guardado con exito
[2024-05-27 23:36:28] [ INFO ] [BD:31] tabla creada con exito
[2024-05-28 00:11:56] [ INFO ] [BD:31] tabla creada con exito
[2024-05-28 00:12:07] [ INFO ] [PacienteDAOH2:24] inicando la operacion de guardado
[2024-05-28 00:12:07] [ INFO ] [DomicilioDaoH2:25] iniciando la operacion de : Guardado de un domicilio
[2024-05-28 00:12:07] [ INFO ] [PacienteDAOH2:42] paciente guardado con exito
[2024-05-28 00:13:44] [ INFO ] [BD:31] tabla creada con exito
[2024-05-28 00:13:59] [ INFO ] [PacienteDAOH2:24] inicando la operacion de guardado
[2024-05-28 00:13:59] [ INFO ] [DomicilioDaoH2:25] iniciando la operacion de : Guardado de un domicilio
[2024-05-28 00:13:59] [ INFO ] [PacienteDAOH2:42] paciente guardado con exito
[2024-05-28 00:19:30] [ INFO ] [BD:31] tabla creada con exito
[2024-05-28 00:19:38] [ INFO ] [PacienteDAOH2:24] inicando la operacion de guardado
[2024-05-28 00:19:38] [ INFO ] [DomicilioDaoH2:25] iniciando la operacion de : Guardado de un domicilio
[2024-05-28 00:19:38] [ INFO ] [PacienteDAOH2:42] paciente guardado con exito
[2024-05-28 00:20:32] [ INFO ] [BD:31] tabla creada con exito
[2024-05-28 00:20:39] [ INFO ] [PacienteDAOH2:24] inicando la operacion de guardado
[2024-05-28 00:20:39] [ INFO ] [DomicilioDaoH2:25] iniciando la operacion de : Guardado de un domicilio
[2024-05-28 00:20:39] [ INFO ] [PacienteDAOH2:42] paciente guardado con exito
[2024-05-28 00:21:24] [ INFO ] [BD:31] tabla creada con exito
[2024-05-28 00:26:25] [ INFO ] [BD:31] tabla creada con exito
[2024-05-28 00:26:37] [ INFO ] [PacienteDAOH2:24] inicando la operacion de guardado
[2024-05-28 00:26:37] [ INFO ] [DomicilioDaoH2:25] iniciando la operacion de : Guardado de un domicilio
[2024-05-28 00:26:37] [ INFO ] [PacienteDAOH2:42] paciente guardado con exito
[2024-05-28 00:26:49] [ INFO ] [PacienteDAOH2:59] iniciando la busqueda de un paciente por id: 3
[2024-05-28 00:26:49] [ INFO ] [DomicilioDaoH2:50] iniciando la operacion de : Buscado de un domicilio
[2024-05-28 00:57:20] [ INFO ] [BD:31] tabla creada con exito
[2024-05-28 00:57:31] [ INFO ] [PacienteDAOH2:59] iniciando la busqueda de un paciente por id: 3
[2024-05-28 00:57:38] [ INFO ] [PacienteDAOH2:24] inicando la operacion de guardado
[2024-05-28 00:57:38] [ INFO ] [DomicilioDaoH2:25] iniciando la operacion de : Guardado de un domicilio
[2024-05-28 00:57:38] [ INFO ] [PacienteDAOH2:42] paciente guardado con exito
[2024-05-28 00:57:48] [ INFO ] [PacienteDAOH2:59] iniciando la busqueda de un paciente por id: 3
[2024-05-28 00:57:48] [ INFO ] [DomicilioDaoH2:50] iniciando la operacion de : Buscado de un domicilio
[2024-05-28 00:57:48] [ INFO ] [PacienteDAOH2:91] iniciando la actualizacion de :  Avril con id : 3
[2024-05-28 00:57:48] [ INFO ] [DomicilioDaoH2:77] iniciando la operacion de : actualizar un domicilio
[2024-05-28 00:57:51] [ INFO ] [PacienteDAOH2:59] iniciando la busqueda de un paciente por id: 3
[2024-05-28 00:57:51] [ INFO ] [DomicilioDaoH2:50] iniciando la operacion de : Buscado de un domicilio
[2024-05-28 00:58:46] [ INFO ] [PacienteDAOH2:24] inicando la operacion de guardado
[2024-05-28 00:58:46] [ INFO ] [DomicilioDaoH2:25] iniciando la operacion de : Guardado de un domicilio
[2024-05-28 00:58:46] [ INFO ] [PacienteDAOH2:42] paciente guardado con exito
[2024-05-28 00:59:05] [ INFO ] [PacienteDAOH2:59] iniciando la busqueda de un paciente por id: 4
[2024-05-28 00:59:05] [ INFO ] [DomicilioDaoH2:50] iniciando la operacion de : Buscado de un domicilio
[2024-05-28 00:59:05] [ INFO ] [PacienteDAOH2:91] iniciando la actualizacion de :  Avril con id : 4
[2024-05-28 00:59:05] [ INFO ] [DomicilioDaoH2:77] iniciando la operacion de : actualizar un domicilio
[2024-05-28 00:59:25] [ INFO ] [PacienteDAOH2:59] iniciando la busqueda de un paciente por id: 4
[2024-05-28 00:59:25] [ INFO ] [DomicilioDaoH2:50] iniciando la operacion de : Buscado de un domicilio
[2024-05-28 01:01:20] [ INFO ] [BD:31] tabla creada con exito
[2024-05-28 01:01:39] [ INFO ] [PacienteDAOH2:24] inicando la operacion de guardado
[2024-05-28 01:01:39] [ INFO ] [DomicilioDaoH2:25] iniciando la operacion de : Guardado de un domicilio
[2024-05-28 01:01:39] [ INFO ] [PacienteDAOH2:42] paciente guardado con exito
[2024-05-28 01:02:13] [ INFO ] [PacienteDAOH2:59] iniciando la busqueda de un paciente por id: 3
[2024-05-28 01:02:13] [ INFO ] [DomicilioDaoH2:50] iniciando la operacion de : Buscado de un domicilio
[2024-05-28 01:02:13] [ INFO ] [PacienteDAOH2:91] iniciando la actualizacion de :  Avril con id : 3
[2024-05-28 01:02:13] [ INFO ] [DomicilioDaoH2:77] iniciando la operacion de : actualizar un domicilio
[2024-05-28 01:02:25] [ INFO ] [PacienteDAOH2:59] iniciando la busqueda de un paciente por id: 3
[2024-05-28 01:02:25] [ INFO ] [DomicilioDaoH2:50] iniciando la operacion de : Buscado de un domicilio
[2024-05-28 01:02:34] [ INFO ] [PacienteDAOH2:59] iniciando la busqueda de un paciente por id: 2
[2024-05-28 01:02:34] [ INFO ] [DomicilioDaoH2:50] iniciando la operacion de : Buscado de un domicilio
[2024-05-28 01:02:38] [ INFO ] [PacienteDAOH2:59] iniciando la busqueda de un paciente por id: 5
[2024-05-29 22:02:54] [ WARN ] [BD:38] Error de Sintaxis en sentencia SQL "CREATE TABLE ODONTOLOGOS (ID INT AUTO_INCREMENT [*]PRIMARY, MATRICULA VARCHAR(100) NOT NULL, NOMBRE VARCHAR(100) NOT NULL, APELLIDO VARCHAR(100) NOT NULL)"; se esperaba "(, NOT NULL, NULL, DEFAULT ON NULL, NULL_TO_DEFAULT, SEQUENCE, SELECTIVITY, COMMENT, CONSTRAINT, COMMENT, PRIMARY KEY, UNIQUE, NOT NULL, NULL, CHECK, REFERENCES, ,, )"
Syntax error in SQL statement "CREATE TABLE ODONTOLOGOS (ID INT AUTO_INCREMENT [*]PRIMARY, MATRICULA VARCHAR(100) NOT NULL, NOMBRE VARCHAR(100) NOT NULL, APELLIDO VARCHAR(100) NOT NULL)"; expected "(, NOT NULL, NULL, DEFAULT ON NULL, NULL_TO_DEFAULT, SEQUENCE, SELECTIVITY, COMMENT, CONSTRAINT, COMMENT, PRIMARY KEY, UNIQUE, NOT NULL, NULL, CHECK, REFERENCES, ,, )"; SQL statement:
CREATE TABLE ODONTOLOGOS (ID INT AUTO_INCREMENT PRIMARY, MATRICULA VARCHAR(100) NOT NULL, NOMBRE VARCHAR(100) NOT NULL, APELLIDO VARCHAR(100) NOT NULL) [42001-214]
[2024-05-29 22:04:13] [ INFO ] [BD:35] tabla creada con exito
[2024-05-29 22:04:44] [ INFO ] [PacienteDAOH2:24] inicando la operacion de guardado
[2024-05-29 22:04:44] [ INFO ] [DomicilioDaoH2:25] iniciando la operacion de : Guardado de un domicilio
[2024-05-29 22:04:45] [ INFO ] [PacienteDAOH2:42] paciente guardado con exito
[2024-05-29 22:06:11] [ INFO ] [OdontologoDAOH2:20] iniciando las operaciones de : Guardado de :Fabian
[2024-05-29 22:10:44] [ INFO ] [BD:35] tabla creada con exito
[2024-05-29 22:10:57] [ INFO ] [PacienteDAOH2:59] iniciando la busqueda de un paciente por id: 3
[2024-05-29 22:11:23] [ INFO ] [PacienteDAOH2:24] inicando la operacion de guardado
[2024-05-29 22:11:23] [ INFO ] [DomicilioDaoH2:25] iniciando la operacion de : Guardado de un domicilio
[2024-05-29 22:11:23] [ INFO ] [PacienteDAOH2:42] paciente guardado con exito
[2024-05-29 22:11:27] [ INFO ] [OdontologoDAOH2:20] iniciando las operaciones de : Guardado de :Fabian
[2024-05-29 22:11:33] [ INFO ] [PacienteDAOH2:59] iniciando la busqueda de un paciente por id: 3
[2024-05-29 22:11:33] [ INFO ] [DomicilioDaoH2:50] iniciando la operacion de : Buscado de un domicilio
[2024-05-29 22:11:33] [ INFO ] [OdontologoDAOH2:41] iniciando las operaciones de : busqueda De un Odontologo con id:  3
[2024-05-29 22:11:33] [ INFO ] [PacienteDAOH2:59] iniciando la busqueda de un paciente por id: 3
[2024-05-29 22:11:33] [ INFO ] [DomicilioDaoH2:50] iniciando la operacion de : Buscado de un domicilio
[2024-05-29 22:11:33] [ INFO ] [OdontologoDAOH2:41] iniciando las operaciones de : busqueda De un Odontologo con id:  3
[2024-05-29 23:40:03] [ INFO ] [BD:35] tabla creada con exito
[2024-05-29 23:50:52] [ INFO ] [BD:35] tabla creada con exito
[2024-05-30 00:08:31] [ INFO ] [BD:35] tabla creada con exito
[2024-05-30 00:08:50] [ INFO ] [OdontologoDAOH2:88] iniciando las operaciones de : Listado  
[2024-05-30 00:08:51] [ INFO ] [OdontologoDAOH2:88] iniciando las operaciones de : Listado  
[2024-05-30 00:08:52] [ INFO ] [OdontologoDAOH2:88] iniciando las operaciones de : Listado  
[2024-05-30 00:08:52] [ INFO ] [OdontologoDAOH2:88] iniciando las operaciones de : Listado  
[2024-05-30 00:08:52] [ INFO ] [OdontologoDAOH2:88] iniciando las operaciones de : Listado  
[2024-05-30 00:08:52] [ INFO ] [OdontologoDAOH2:88] iniciando las operaciones de : Listado  
[2024-05-30 00:08:52] [ INFO ] [OdontologoDAOH2:88] iniciando las operaciones de : Listado  
[2024-05-30 00:08:54] [ INFO ] [OdontologoDAOH2:88] iniciando las operaciones de : Listado  
[2024-05-30 00:08:54] [ INFO ] [OdontologoDAOH2:88] iniciando las operaciones de : Listado  
[2024-05-30 00:09:29] [ INFO ] [OdontologoDAOH2:88] iniciando las operaciones de : Listado  
[2024-05-30 00:09:29] [ INFO ] [OdontologoDAOH2:88] iniciando las operaciones de : Listado  
[2024-05-30 00:09:30] [ INFO ] [OdontologoDAOH2:88] iniciando las operaciones de : Listado  
[2024-05-30 00:09:30] [ INFO ] [OdontologoDAOH2:88] iniciando las operaciones de : Listado  
[2024-05-30 00:09:30] [ INFO ] [OdontologoDAOH2:88] iniciando las operaciones de : Listado  
[2024-05-30 00:09:30] [ INFO ] [OdontologoDAOH2:88] iniciando las operaciones de : Listado  
[2024-05-30 00:09:31] [ INFO ] [OdontologoDAOH2:88] iniciando las operaciones de : Listado  
[2024-05-30 00:09:31] [ INFO ] [OdontologoDAOH2:88] iniciando las operaciones de : Listado  
[2024-05-30 00:09:31] [ INFO ] [OdontologoDAOH2:88] iniciando las operaciones de : Listado  
[2024-05-30 00:10:47] [ INFO ] [BD:35] tabla creada con exito
[2024-05-30 00:11:04] [ INFO ] [OdontologoDAOH2:88] iniciando las operaciones de : Listado  
[2024-05-30 00:12:10] [ INFO ] [OdontologoDAOH2:21] iniciando las operaciones de : Guardado de :Fabian
[2024-05-30 00:12:14] [ INFO ] [OdontologoDAOH2:88] iniciando las operaciones de : Listado  
[2024-05-30 00:12:59] [ INFO ] [BD:35] tabla creada con exito
[2024-05-30 00:13:09] [ INFO ] [OdontologoDAOH2:88] iniciando las operaciones de : Listado  
