[2024-05-22 23:31:32] [ INFO ] [PacienteDAOH2:117] iniciando las operaciones de busqueda: claudia@claudia.com
[2024-05-22 23:31:33] [ ERROR] [PacienteDAOH2:134] Versión del archivo de base de datos no soportada ó encabezado de archivo invalido en archivo "C:/Users/emato/C2ClinicaOdontologica.mv.db"
Unsupported database file version or invalid file header in file "C:/Users/emato/C2ClinicaOdontologica.mv.db" [90048-214]
[2024-05-22 23:33:27] [ WARN ] [BD:33] Versión del archivo de base de datos no soportada ó encabezado de archivo invalido en archivo "C:/Users/emato/C2ClinicaOdontologica.mv.db"
Unsupported database file version or invalid file header in file "C:/Users/emato/C2ClinicaOdontologica.mv.db" [90048-214]
[2024-05-22 23:33:43] [ INFO ] [PacienteDAOH2:117] iniciando las operaciones de busqueda: claudia@claudia.com
[2024-05-22 23:33:43] [ ERROR] [PacienteDAOH2:134] Versión del archivo de base de datos no soportada ó encabezado de archivo invalido en archivo "C:/Users/emato/C2ClinicaOdontologica.mv.db"
Unsupported database file version or invalid file header in file "C:/Users/emato/C2ClinicaOdontologica.mv.db" [90048-214]
[2024-05-22 23:33:46] [ INFO ] [PacienteDAOH2:117] iniciando las operaciones de busqueda: claudia@claudia.com
[2024-05-22 23:33:46] [ ERROR] [PacienteDAOH2:134] Versión del archivo de base de datos no soportada ó encabezado de archivo invalido en archivo "C:/Users/emato/C2ClinicaOdontologica.mv.db"
Unsupported database file version or invalid file header in file "C:/Users/emato/C2ClinicaOdontologica.mv.db" [90048-214]
[2024-05-22 23:33:51] [ INFO ] [PacienteDAOH2:117] iniciando las operaciones de busqueda: claudia@claudia.com
[2024-05-22 23:33:51] [ ERROR] [PacienteDAOH2:134] Versión del archivo de base de datos no soportada ó encabezado de archivo invalido en archivo "C:/Users/emato/C2ClinicaOdontologica.mv.db"
Unsupported database file version or invalid file header in file "C:/Users/emato/C2ClinicaOdontologica.mv.db" [90048-214]
[2024-05-22 23:35:06] [ WARN ] [BD:33] Versión del archivo de base de datos no soportada ó encabezado de archivo invalido en archivo "C:/Users/emato/C2ClinicaOdontologica.mv.db"
Unsupported database file version or invalid file header in file "C:/Users/emato/C2ClinicaOdontologica.mv.db" [90048-214]
[2024-05-22 23:35:52] [ WARN ] [BD:33] Versión del archivo de base de datos no soportada ó encabezado de archivo invalido en archivo "C:/Users/emato/C2ClinicaOdontologica.mv.db"
Unsupported database file version or invalid file header in file "C:/Users/emato/C2ClinicaOdontologica.mv.db" [90048-214]
[2024-05-22 23:36:54] [ WARN ] [BD:33] La cantidad de columnas no coincide
Column count does not match; SQL statement:
INSERT INTO PACIENTES (NOMBRE, APELLIDO, CEDULA, FECHA_INGRESO, DOMICILIO_ID) VALUES('Jorgito','Pereyra','123456','2024-05-15',1,'jorge.pereyra@digitalhouse.com'),('Claudia','Heredia','11111111','2024-05-10',2,'claudia@claudia.com'); INSERT INTO DOMICILIOS (CALLE, NUMERO, LOCALIDAD, PROVINCIA) VALUES ('Siempre viva',742,'Springfield','USA'), ('Siempre viva',742,'Springfield','USA') [21002-214]
